2014-11-24T12:24:04+00:00 ERR (3): exception 'InvalidArgumentException' with message ''uri' is an invalid special value.' in /var/www/public/omeka-2.2.2/application/libraries/Omeka/Record/AbstractRecord.php:349
Stack trace:
#0 /var/www/public/omeka-2.2.2/application/models/Item.php(205): Omeka_Record_AbstractRecord->getProperty('uri')
#1 /var/www/public/omeka-2.2.2/application/views/helpers/Metadata.php(159): Item->getProperty('uri')
#2 /var/www/public/omeka-2.2.2/application/views/helpers/Metadata.php(134): Omeka_View_Helper_Metadata->_getRecordMetadata(Object(Item), 'uri')
#3 /var/www/public/omeka-2.2.2/application/views/helpers/Metadata.php(70): Omeka_View_Helper_Metadata->_getText(Object(Item), 'uri')
#4 [internal function]: Omeka_View_Helper_Metadata->metadata(Object(Item), 'uri', Array)
#5 /var/www/public/omeka-2.2.2/application/libraries/Zend/View/Abstract.php(350): call_user_func_array(Array, Array)
#6 /var/www/public/omeka-2.2.2/application/libraries/globals.php(2011): Zend_View_Abstract->__call('metadata', Array)
#7 /var/www/public/omeka-2.2.2/application/libraries/globals.php(2011): Omeka_View->metadata(Object(Item), 'uri', Array)
#8 /var/www/public/omeka-2.2.2/themes/forbes-library/custom.php(224): metadata(Object(Item), 'uri')
#9 /var/www/public/omeka-2.2.2/themes/forbes-library/index.php(18): forbes_theme_display_random_featured_item()
#10 /var/www/public/omeka-2.2.2/application/libraries/Omeka/View.php(117): include('/var/www/public...')
#11 /var/www/public/omeka-2.2.2/application/libraries/Zend/View/Abstract.php(888): Omeka_View->_run('/var/www/public...')
#12 /var/www/public/omeka-2.2.2/application/libraries/Zend/Controller/Action/Helper/ViewRenderer.php(900): Zend_View_Abstract->render('index.php')
#13 /var/www/public/omeka-2.2.2/application/controllers/IndexController.php(16): Zend_Controller_Action_Helper_ViewRenderer->renderScript('index.php')
#14 /var/www/public/omeka-2.2.2/application/libraries/Zend/Controller/Action.php(516): IndexController->indexAction()
#15 /var/www/public/omeka-2.2.2/application/libraries/Zend/Controller/Dispatcher/Standard.php(308): Zend_Controller_Action->dispatch('indexAction')
#16 /var/www/public/omeka-2.2.2/application/libraries/Zend/Controller/Front.php(954): Zend_Controller_Dispatcher_Standard->dispatch(Object(Zend_Controller_Request_Http), Object(Zend_Controller_Response_Http))
#17 /var/www/public/omeka-2.2.2/application/libraries/Zend/Application/Bootstrap/Bootstrap.php(101): Zend_Controller_Front->dispatch()
#18 /var/www/public/omeka-2.2.2/application/libraries/Zend/Application.php(366): Zend_Application_Bootstrap_Bootstrap->run()
#19 /var/www/public/omeka-2.2.2/application/libraries/Omeka/Application.php(79): Zend_Application->run()
#20 /var/www/public/omeka-2.2.2/index.php(23): Omeka_Application->run()
#21 {main}
2014-11-24T12:38:59+00:00 ERR (3): exception 'Omeka_View_Exception' with message 'A current _div_class_collection_record_h3_a_href_omeka_2_2_2_collections_show_4_grand_army_of_the_republic_a_h3_a_href_omeka_2_2_2_collections_show_4_class_image_img_src_http_localhost_8080_omeka_2_2_2_files_square_thumbnails_37c5aa27b338ac4b1d787725e966d8f9_jpg_alt_http_www_forbeslibrary_org_vewebsite_exhibit1_images_e10023b_jpg_title_http_www_forbeslibrary_org_vewebsite_exhibit1_images_e10023b_jpg_a_p_class_collection_description_the_grand_army_of_the_republic_gar_was_an_organization_of_union_veterans_of_the_american_civil_war_in_1890_the_gar_reported_a_membership_of_over_p_div_ variable has not been set to this view.' in /var/www/public/omeka-2.2.2/application/views/helpers/GetCurrentRecord.php:27
Stack trace:
#0 [internal function]: Omeka_View_Helper_GetCurrentRecord->getCurrentRecord('<div class="col...')
#1 /var/www/public/omeka-2.2.2/application/libraries/Zend/View/Abstract.php(350): call_user_func_array(Array, Array)
#2 /var/www/public/omeka-2.2.2/application/views/helpers/Metadata.php(53): Zend_View_Abstract->__call('getCurrentRecor...', Array)
#3 /var/www/public/omeka-2.2.2/application/views/helpers/Metadata.php(53): Omeka_View->getCurrentRecord('<div class="col...')
#4 [internal function]: Omeka_View_Helper_Metadata->metadata('<div class="col...', 'Name', Array)
#5 /var/www/public/omeka-2.2.2/application/libraries/Zend/View/Abstract.php(350): call_user_func_array(Array, Array)
#6 /var/www/public/omeka-2.2.2/application/libraries/globals.php(2011): Zend_View_Abstract->__call('metadata', Array)
#7 /var/www/public/omeka-2.2.2/application/libraries/globals.php(2011): Omeka_View->metadata('<div class="col...', 'Name', Array)
#8 /var/www/public/omeka-2.2.2/themes/forbes-library/custom.php(248): metadata('<div class="col...', 'Name')
#9 /var/www/public/omeka-2.2.2/themes/forbes-library/index.php(22): forbes_theme_display_random_featured_collection()
#10 /var/www/public/omeka-2.2.2/application/libraries/Omeka/View.php(117): include('/var/www/public...')
#11 /var/www/public/omeka-2.2.2/application/libraries/Zend/View/Abstract.php(888): Omeka_View->_run('/var/www/public...')
#12 /var/www/public/omeka-2.2.2/application/libraries/Zend/Controller/Action/Helper/ViewRenderer.php(900): Zend_View_Abstract->render('index.php')
#13 /var/www/public/omeka-2.2.2/application/controllers/IndexController.php(16): Zend_Controller_Action_Helper_ViewRenderer->renderScript('index.php')
#14 /var/www/public/omeka-2.2.2/application/libraries/Zend/Controller/Action.php(516): IndexController->indexAction()
#15 /var/www/public/omeka-2.2.2/application/libraries/Zend/Controller/Dispatcher/Standard.php(308): Zend_Controller_Action->dispatch('indexAction')
#16 /var/www/public/omeka-2.2.2/application/libraries/Zend/Controller/Front.php(954): Zend_Controller_Dispatcher_Standard->dispatch(Object(Zend_Controller_Request_Http), Object(Zend_Controller_Response_Http))
#17 /var/www/public/omeka-2.2.2/application/libraries/Zend/Application/Bootstrap/Bootstrap.php(101): Zend_Controller_Front->dispatch()
#18 /var/www/public/omeka-2.2.2/application/libraries/Zend/Application.php(366): Zend_Application_Bootstrap_Bootstrap->run()
#19 /var/www/public/omeka-2.2.2/application/libraries/Omeka/Application.php(79): Zend_Application->run()
#20 /var/www/public/omeka-2.2.2/index.php(23): Omeka_Application->run()
#21 {main}
2014-11-24T12:41:33+00:00 ERR (3): exception 'InvalidArgumentException' with message ''name' is an invalid special value.' in /var/www/public/omeka-2.2.2/application/libraries/Omeka/Record/AbstractRecord.php:349
Stack trace:
#0 /var/www/public/omeka-2.2.2/application/models/Collection.php(93): Omeka_Record_AbstractRecord->getProperty('name')
#1 /var/www/public/omeka-2.2.2/application/views/helpers/Metadata.php(159): Collection->getProperty('name')
#2 /var/www/public/omeka-2.2.2/application/views/helpers/Metadata.php(134): Omeka_View_Helper_Metadata->_getRecordMetadata(Object(Collection), 'Name')
#3 /var/www/public/omeka-2.2.2/application/views/helpers/Metadata.php(70): Omeka_View_Helper_Metadata->_getText(Object(Collection), 'Name')
#4 [internal function]: Omeka_View_Helper_Metadata->metadata(Object(Collection), 'Name', Array)
#5 /var/www/public/omeka-2.2.2/application/libraries/Zend/View/Abstract.php(350): call_user_func_array(Array, Array)
#6 /var/www/public/omeka-2.2.2/application/libraries/globals.php(2011): Zend_View_Abstract->__call('metadata', Array)
#7 /var/www/public/omeka-2.2.2/application/libraries/globals.php(2011): Omeka_View->metadata(Object(Collection), 'Name', Array)
#8 /var/www/public/omeka-2.2.2/themes/forbes-library/custom.php(248): metadata(Object(Collection), 'Name')
#9 /var/www/public/omeka-2.2.2/themes/forbes-library/index.php(22): forbes_theme_display_random_featured_collection()
#10 /var/www/public/omeka-2.2.2/application/libraries/Omeka/View.php(117): include('/var/www/public...')
#11 /var/www/public/omeka-2.2.2/application/libraries/Zend/View/Abstract.php(888): Omeka_View->_run('/var/www/public...')
#12 /var/www/public/omeka-2.2.2/application/libraries/Zend/Controller/Action/Helper/ViewRenderer.php(900): Zend_View_Abstract->render('index.php')
#13 /var/www/public/omeka-2.2.2/application/controllers/IndexController.php(16): Zend_Controller_Action_Helper_ViewRenderer->renderScript('index.php')
#14 /var/www/public/omeka-2.2.2/application/libraries/Zend/Controller/Action.php(516): IndexController->indexAction()
#15 /var/www/public/omeka-2.2.2/application/libraries/Zend/Controller/Dispatcher/Standard.php(308): Zend_Controller_Action->dispatch('indexAction')
#16 /var/www/public/omeka-2.2.2/application/libraries/Zend/Controller/Front.php(954): Zend_Controller_Dispatcher_Standard->dispatch(Object(Zend_Controller_Request_Http), Object(Zend_Controller_Response_Http))
#17 /var/www/public/omeka-2.2.2/application/libraries/Zend/Application/Bootstrap/Bootstrap.php(101): Zend_Controller_Front->dispatch()
#18 /var/www/public/omeka-2.2.2/application/libraries/Zend/Application.php(366): Zend_Application_Bootstrap_Bootstrap->run()
#19 /var/www/public/omeka-2.2.2/application/libraries/Omeka/Application.php(79): Zend_Application->run()
#20 /var/www/public/omeka-2.2.2/index.php(23): Omeka_Application->run()
#21 {main}
2014-11-24T12:42:54+00:00 ERR (3): exception 'InvalidArgumentException' with message ''name' is an invalid special value.' in /var/www/public/omeka-2.2.2/application/libraries/Omeka/Record/AbstractRecord.php:349
Stack trace:
#0 /var/www/public/omeka-2.2.2/application/models/Collection.php(93): Omeka_Record_AbstractRecord->getProperty('name')
#1 /var/www/public/omeka-2.2.2/application/views/helpers/Metadata.php(159): Collection->getProperty('name')
#2 /var/www/public/omeka-2.2.2/application/views/helpers/Metadata.php(134): Omeka_View_Helper_Metadata->_getRecordMetadata(Object(Collection), 'Name')
#3 /var/www/public/omeka-2.2.2/application/views/helpers/Metadata.php(70): Omeka_View_Helper_Metadata->_getText(Object(Collection), 'Name')
#4 [internal function]: Omeka_View_Helper_Metadata->metadata(Object(Collection), 'Name', Array)
#5 /var/www/public/omeka-2.2.2/application/libraries/Zend/View/Abstract.php(350): call_user_func_array(Array, Array)
#6 /var/www/public/omeka-2.2.2/application/libraries/globals.php(2011): Zend_View_Abstract->__call('metadata', Array)
#7 /var/www/public/omeka-2.2.2/application/libraries/globals.php(2011): Omeka_View->metadata(Object(Collection), 'Name', Array)
#8 /var/www/public/omeka-2.2.2/themes/forbes-library/custom.php(248): metadata(Object(Collection), 'Name')
#9 /var/www/public/omeka-2.2.2/themes/forbes-library/index.php(22): forbes_theme_display_random_featured_collection()
#10 /var/www/public/omeka-2.2.2/application/libraries/Omeka/View.php(117): include('/var/www/public...')
#11 /var/www/public/omeka-2.2.2/application/libraries/Zend/View/Abstract.php(888): Omeka_View->_run('/var/www/public...')
#12 /var/www/public/omeka-2.2.2/application/libraries/Zend/Controller/Action/Helper/ViewRenderer.php(900): Zend_View_Abstract->render('index.php')
#13 /var/www/public/omeka-2.2.2/application/controllers/IndexController.php(16): Zend_Controller_Action_Helper_ViewRenderer->renderScript('index.php')
#14 /var/www/public/omeka-2.2.2/application/libraries/Zend/Controller/Action.php(516): IndexController->indexAction()
#15 /var/www/public/omeka-2.2.2/application/libraries/Zend/Controller/Dispatcher/Standard.php(308): Zend_Controller_Action->dispatch('indexAction')
#16 /var/www/public/omeka-2.2.2/application/libraries/Zend/Controller/Front.php(954): Zend_Controller_Dispatcher_Standard->dispatch(Object(Zend_Controller_Request_Http), Object(Zend_Controller_Response_Http))
#17 /var/www/public/omeka-2.2.2/application/libraries/Zend/Application/Bootstrap/Bootstrap.php(101): Zend_Controller_Front->dispatch()
#18 /var/www/public/omeka-2.2.2/application/libraries/Zend/Application.php(366): Zend_Application_Bootstrap_Bootstrap->run()
#19 /var/www/public/omeka-2.2.2/application/libraries/Omeka/Application.php(79): Zend_Application->run()
#20 /var/www/public/omeka-2.2.2/index.php(23): Omeka_Application->run()
#21 {main}
2014-11-24T12:43:25+00:00 ERR (3): exception 'InvalidArgumentException' with message ''description' is an invalid special value.' in /var/www/public/omeka-2.2.2/application/libraries/Omeka/Record/AbstractRecord.php:349
Stack trace:
#0 /var/www/public/omeka-2.2.2/application/models/Collection.php(93): Omeka_Record_AbstractRecord->getProperty('description')
#1 /var/www/public/omeka-2.2.2/application/views/helpers/Metadata.php(159): Collection->getProperty('description')
#2 /var/www/public/omeka-2.2.2/application/views/helpers/Metadata.php(134): Omeka_View_Helper_Metadata->_getRecordMetadata(Object(Collection), 'Description')
#3 /var/www/public/omeka-2.2.2/application/views/helpers/Metadata.php(70): Omeka_View_Helper_Metadata->_getText(Object(Collection), 'Description')
#4 [internal function]: Omeka_View_Helper_Metadata->metadata(Object(Collection), 'Description', Array)
#5 /var/www/public/omeka-2.2.2/application/libraries/Zend/View/Abstract.php(350): call_user_func_array(Array, Array)
#6 /var/www/public/omeka-2.2.2/application/libraries/globals.php(2011): Zend_View_Abstract->__call('metadata', Array)
#7 /var/www/public/omeka-2.2.2/application/libraries/globals.php(2011): Omeka_View->metadata(Object(Collection), 'Description', Array)
#8 /var/www/public/omeka-2.2.2/themes/forbes-library/custom.php(249): metadata(Object(Collection), 'Description')
#9 /var/www/public/omeka-2.2.2/themes/forbes-library/index.php(22): forbes_theme_display_random_featured_collection()
#10 /var/www/public/omeka-2.2.2/application/libraries/Omeka/View.php(117): include('/var/www/public...')
#11 /var/www/public/omeka-2.2.2/application/libraries/Zend/View/Abstract.php(888): Omeka_View->_run('/var/www/public...')
#12 /var/www/public/omeka-2.2.2/application/libraries/Zend/Controller/Action/Helper/ViewRenderer.php(900): Zend_View_Abstract->render('index.php')
#13 /var/www/public/omeka-2.2.2/application/controllers/IndexController.php(16): Zend_Controller_Action_Helper_ViewRenderer->renderScript('index.php')
#14 /var/www/public/omeka-2.2.2/application/libraries/Zend/Controller/Action.php(516): IndexController->indexAction()
#15 /var/www/public/omeka-2.2.2/application/libraries/Zend/Controller/Dispatcher/Standard.php(308): Zend_Controller_Action->dispatch('indexAction')
#16 /var/www/public/omeka-2.2.2/application/libraries/Zend/Controller/Front.php(954): Zend_Controller_Dispatcher_Standard->dispatch(Object(Zend_Controller_Request_Http), Object(Zend_Controller_Response_Http))
#17 /var/www/public/omeka-2.2.2/application/libraries/Zend/Application/Bootstrap/Bootstrap.php(101): Zend_Controller_Front->dispatch()
#18 /var/www/public/omeka-2.2.2/application/libraries/Zend/Application.php(366): Zend_Application_Bootstrap_Bootstrap->run()
#19 /var/www/public/omeka-2.2.2/application/libraries/Omeka/Application.php(79): Zend_Application->run()
#20 /var/www/public/omeka-2.2.2/index.php(23): Omeka_Application->run()
#21 {main}
2014-11-24T12:45:41+00:00 ERR (3): exception 'Omeka_View_Exception' with message 'A current collection variable has not been set to this view.' in /var/www/public/omeka-2.2.2/application/views/helpers/GetCurrentRecord.php:27
Stack trace:
#0 [internal function]: Omeka_View_Helper_GetCurrentRecord->getCurrentRecord('collection', true)
#1 /var/www/public/omeka-2.2.2/application/libraries/Zend/View/Abstract.php(350): call_user_func_array(Array, Array)
#2 /var/www/public/omeka-2.2.2/application/libraries/globals.php(1832): Zend_View_Abstract->__call('getCurrentRecor...', Array)
#3 /var/www/public/omeka-2.2.2/application/libraries/globals.php(1832): Omeka_View->getCurrentRecord('collection', true)
#4 /var/www/public/omeka-2.2.2/themes/forbes-library/custom.php(290): get_current_record('collection')
#5 /var/www/public/omeka-2.2.2/themes/forbes-library/custom.php(250): forbes_theme_collection_image_uris()
#6 /var/www/public/omeka-2.2.2/themes/forbes-library/index.php(22): forbes_theme_display_random_featured_collection()
#7 /var/www/public/omeka-2.2.2/application/libraries/Omeka/View.php(117): include('/var/www/public...')
#8 /var/www/public/omeka-2.2.2/application/libraries/Zend/View/Abstract.php(888): Omeka_View->_run('/var/www/public...')
#9 /var/www/public/omeka-2.2.2/application/libraries/Zend/Controller/Action/Helper/ViewRenderer.php(900): Zend_View_Abstract->render('index.php')
#10 /var/www/public/omeka-2.2.2/application/controllers/IndexController.php(16): Zend_Controller_Action_Helper_ViewRenderer->renderScript('index.php')
#11 /var/www/public/omeka-2.2.2/application/libraries/Zend/Controller/Action.php(516): IndexController->indexAction()
#12 /var/www/public/omeka-2.2.2/application/libraries/Zend/Controller/Dispatcher/Standard.php(308): Zend_Controller_Action->dispatch('indexAction')
#13 /var/www/public/omeka-2.2.2/application/libraries/Zend/Controller/Front.php(954): Zend_Controller_Dispatcher_Standard->dispatch(Object(Zend_Controller_Request_Http), Object(Zend_Controller_Response_Http))
#14 /var/www/public/omeka-2.2.2/application/libraries/Zend/Application/Bootstrap/Bootstrap.php(101): Zend_Controller_Front->dispatch()
#15 /var/www/public/omeka-2.2.2/application/libraries/Zend/Application.php(366): Zend_Application_Bootstrap_Bootstrap->run()
#16 /var/www/public/omeka-2.2.2/application/libraries/Omeka/Application.php(79): Zend_Application->run()
#17 /var/www/public/omeka-2.2.2/index.php(23): Omeka_Application->run()
#18 {main}
2014-11-24T12:52:33+00:00 ERR (3): exception 'BadMethodCallException' with message 'Method named getElementTexts() does not exist.' in /var/www/public/omeka-2.2.2/application/libraries/Omeka/Record/AbstractRecord.php:258
Stack trace:
#0 /var/www/public/omeka-2.2.2/application/libraries/Omeka/Record/AbstractRecord.php(210): Omeka_Record_AbstractRecord->delegateToMixins('getElementTexts', Array)
#1 /var/www/public/omeka-2.2.2/application/views/helpers/Metadata.php(173): Omeka_Record_AbstractRecord->__call('getElementTexts', Array)
#2 /var/www/public/omeka-2.2.2/application/views/helpers/Metadata.php(173): Exhibit->getElementTexts('Dublin Core', 'Description')
#3 /var/www/public/omeka-2.2.2/application/views/helpers/Metadata.php(139): Omeka_View_Helper_Metadata->_getElementText(Object(Exhibit), 'Dublin Core', 'Description')
#4 /var/www/public/omeka-2.2.2/application/views/helpers/Metadata.php(70): Omeka_View_Helper_Metadata->_getText(Object(Exhibit), Array)
#5 [internal function]: Omeka_View_Helper_Metadata->metadata(Object(Exhibit), Array, Array)
#6 /var/www/public/omeka-2.2.2/application/libraries/Zend/View/Abstract.php(350): call_user_func_array(Array, Array)
#7 /var/www/public/omeka-2.2.2/application/libraries/globals.php(2011): Zend_View_Abstract->__call('metadata', Array)
#8 /var/www/public/omeka-2.2.2/application/libraries/globals.php(2011): Omeka_View->metadata(Object(Exhibit), Array, Array)
#9 /var/www/public/omeka-2.2.2/themes/forbes-library/custom.php(205): metadata(Object(Exhibit), Array)
#10 /var/www/public/omeka-2.2.2/themes/forbes-library/index.php(26): forbes_theme_display_random_featured_exhibit()
#11 /var/www/public/omeka-2.2.2/application/libraries/Omeka/View.php(117): include('/var/www/public...')
#12 /var/www/public/omeka-2.2.2/application/libraries/Zend/View/Abstract.php(888): Omeka_View->_run('/var/www/public...')
#13 /var/www/public/omeka-2.2.2/application/libraries/Zend/Controller/Action/Helper/ViewRenderer.php(900): Zend_View_Abstract->render('index.php')
#14 /var/www/public/omeka-2.2.2/application/controllers/IndexController.php(16): Zend_Controller_Action_Helper_ViewRenderer->renderScript('index.php')
#15 /var/www/public/omeka-2.2.2/application/libraries/Zend/Controller/Action.php(516): IndexController->indexAction()
#16 /var/www/public/omeka-2.2.2/application/libraries/Zend/Controller/Dispatcher/Standard.php(308): Zend_Controller_Action->dispatch('indexAction')
#17 /var/www/public/omeka-2.2.2/application/libraries/Zend/Controller/Front.php(954): Zend_Controller_Dispatcher_Standard->dispatch(Object(Zend_Controller_Request_Http), Object(Zend_Controller_Response_Http))
#18 /var/www/public/omeka-2.2.2/application/libraries/Zend/Application/Bootstrap/Bootstrap.php(101): Zend_Controller_Front->dispatch()
#19 /var/www/public/omeka-2.2.2/application/libraries/Zend/Application.php(366): Zend_Application_Bootstrap_Bootstrap->run()
#20 /var/www/public/omeka-2.2.2/application/libraries/Omeka/Application.php(79): Zend_Application->run()
#21 /var/www/public/omeka-2.2.2/index.php(23): Omeka_Application->run()
#22 {main}
2014-11-24T12:53:01+00:00 ERR (3): exception 'Omeka_View_Exception' with message 'Unrecognized metadata specifier.' in /var/www/public/omeka-2.2.2/application/views/helpers/Metadata.php:144
Stack trace:
#0 /var/www/public/omeka-2.2.2/application/views/helpers/Metadata.php(70): Omeka_View_Helper_Metadata->_getText(Object(Exhibit), Array)
#1 [internal function]: Omeka_View_Helper_Metadata->metadata(Object(Exhibit), Array, Array)
#2 /var/www/public/omeka-2.2.2/application/libraries/Zend/View/Abstract.php(350): call_user_func_array(Array, Array)
#3 /var/www/public/omeka-2.2.2/application/libraries/globals.php(2011): Zend_View_Abstract->__call('metadata', Array)
#4 /var/www/public/omeka-2.2.2/application/libraries/globals.php(2011): Omeka_View->metadata(Object(Exhibit), Array, Array)
#5 /var/www/public/omeka-2.2.2/themes/forbes-library/custom.php(205): metadata(Object(Exhibit), Array)
#6 /var/www/public/omeka-2.2.2/themes/forbes-library/index.php(26): forbes_theme_display_random_featured_exhibit()
#7 /var/www/public/omeka-2.2.2/application/libraries/Omeka/View.php(117): include('/var/www/public...')
#8 /var/www/public/omeka-2.2.2/application/libraries/Zend/View/Abstract.php(888): Omeka_View->_run('/var/www/public...')
#9 /var/www/public/omeka-2.2.2/application/libraries/Zend/Controller/Action/Helper/ViewRenderer.php(900): Zend_View_Abstract->render('index.php')
#10 /var/www/public/omeka-2.2.2/application/controllers/IndexController.php(16): Zend_Controller_Action_Helper_ViewRenderer->renderScript('index.php')
#11 /var/www/public/omeka-2.2.2/application/libraries/Zend/Controller/Action.php(516): IndexController->indexAction()
#12 /var/www/public/omeka-2.2.2/application/libraries/Zend/Controller/Dispatcher/Standard.php(308): Zend_Controller_Action->dispatch('indexAction')
#13 /var/www/public/omeka-2.2.2/application/libraries/Zend/Controller/Front.php(954): Zend_Controller_Dispatcher_Standard->dispatch(Object(Zend_Controller_Request_Http), Object(Zend_Controller_Response_Http))
#14 /var/www/public/omeka-2.2.2/application/libraries/Zend/Application/Bootstrap/Bootstrap.php(101): Zend_Controller_Front->dispatch()
#15 /var/www/public/omeka-2.2.2/application/libraries/Zend/Application.php(366): Zend_Application_Bootstrap_Bootstrap->run()
#16 /var/www/public/omeka-2.2.2/application/libraries/Omeka/Application.php(79): Zend_Application->run()
#17 /var/www/public/omeka-2.2.2/index.php(23): Omeka_Application->run()
#18 {main}
2014-11-24T13:20:33+00:00 ERR (3): exception 'InvalidArgumentException' with message 'Could not find file css/style.css.css!' in /var/www/public/omeka-2.2.2/application/libraries/globals.php:1261
Stack trace:
#0 /var/www/public/omeka-2.2.2/application/libraries/globals.php(1220): web_path_to('css/style.css.c...')
#1 /var/www/public/omeka-2.2.2/application/libraries/globals.php(1168): src('style.css', 'css', 'css')
#2 /var/www/public/omeka-2.2.2/application/libraries/globals.php(1069): css_src('style.css', 'css')
#3 /var/www/public/omeka-2.2.2/themes/forbes-library/common/head.php(26): queue_css_file('style.css')
#4 /var/www/public/omeka-2.2.2/application/libraries/Omeka/View.php(117): include('/var/www/public...')
#5 /var/www/public/omeka-2.2.2/application/libraries/Zend/View/Abstract.php(888): Omeka_View->_run('/var/www/public...')
#6 /var/www/public/omeka-2.2.2/application/libraries/Zend/View/Helper/Partial.php(109): Zend_View_Abstract->render('common/head.php')
#7 [internal function]: Zend_View_Helper_Partial->partial('common/head.php', Array)
#8 /var/www/public/omeka-2.2.2/application/libraries/Zend/View/Abstract.php(350): call_user_func_array(Array, Array)
#9 /var/www/public/omeka-2.2.2/application/libraries/globals.php(1634): Zend_View_Abstract->__call('partial', Array)
#10 /var/www/public/omeka-2.2.2/application/libraries/globals.php(1634): Omeka_View->partial('common/head.php', Array)
#11 /var/www/public/omeka-2.2.2/themes/forbes-library/common/header.php(18): common('head')
#12 /var/www/public/omeka-2.2.2/application/libraries/Omeka/View.php(117): include('/var/www/public...')
#13 /var/www/public/omeka-2.2.2/application/libraries/Zend/View/Abstract.php(888): Omeka_View->_run('/var/www/public...')
#14 /var/www/public/omeka-2.2.2/application/libraries/Zend/View/Helper/Partial.php(109): Zend_View_Abstract->render('common/header.p...')
#15 [internal function]: Zend_View_Helper_Partial->partial('common/header.p...', Array)
#16 /var/www/public/omeka-2.2.2/application/libraries/Zend/View/Abstract.php(350): call_user_func_array(Array, Array)
#17 /var/www/public/omeka-2.2.2/application/libraries/globals.php(1634): Zend_View_Abstract->__call('partial', Array)
#18 /var/www/public/omeka-2.2.2/application/libraries/globals.php(1634): Omeka_View->partial('common/header.p...', Array)
#19 /var/www/public/omeka-2.2.2/application/libraries/globals.php(1648): common('header', Array)
#20 /var/www/public/omeka-2.2.2/themes/forbes-library/index.php(1): head(Array)
#21 /var/www/public/omeka-2.2.2/application/libraries/Omeka/View.php(117): include('/var/www/public...')
#22 /var/www/public/omeka-2.2.2/application/libraries/Zend/View/Abstract.php(888): Omeka_View->_run('/var/www/public...')
#23 /var/www/public/omeka-2.2.2/application/libraries/Zend/Controller/Action/Helper/ViewRenderer.php(900): Zend_View_Abstract->render('index.php')
#24 /var/www/public/omeka-2.2.2/application/controllers/IndexController.php(16): Zend_Controller_Action_Helper_ViewRenderer->renderScript('index.php')
#25 /var/www/public/omeka-2.2.2/application/libraries/Zend/Controller/Action.php(516): IndexController->indexAction()
#26 /var/www/public/omeka-2.2.2/application/libraries/Zend/Controller/Dispatcher/Standard.php(308): Zend_Controller_Action->dispatch('indexAction')
#27 /var/www/public/omeka-2.2.2/application/libraries/Zend/Controller/Front.php(954): Zend_Controller_Dispatcher_Standard->dispatch(Object(Zend_Controller_Request_Http), Object(Zend_Controller_Response_Http))
#28 /var/www/public/omeka-2.2.2/application/libraries/Zend/Application/Bootstrap/Bootstrap.php(101): Zend_Controller_Front->dispatch()
#29 /var/www/public/omeka-2.2.2/application/libraries/Zend/Application.php(366): Zend_Application_Bootstrap_Bootstrap->run()
#30 /var/www/public/omeka-2.2.2/application/libraries/Omeka/Application.php(79): Zend_Application->run()
#31 /var/www/public/omeka-2.2.2/index.php(23): Omeka_Application->run()
#32 {main}
2014-11-24T16:41:44+00:00 ERR (3): exception 'Omeka_View_Exception' with message 'A current iteme variable has not been set to this view.' in /var/www/public/omeka-2.2.2/application/views/helpers/GetCurrentRecord.php:27
Stack trace:
#0 [internal function]: Omeka_View_Helper_GetCurrentRecord->getCurrentRecord('iteme')
#1 /var/www/public/omeka-2.2.2/application/libraries/Zend/View/Abstract.php(350): call_user_func_array(Array, Array)
#2 /var/www/public/omeka-2.2.2/application/views/helpers/Metadata.php(53): Zend_View_Abstract->__call('getCurrentRecor...', Array)
#3 /var/www/public/omeka-2.2.2/application/views/helpers/Metadata.php(53): Omeka_View->getCurrentRecord('iteme')
#4 [internal function]: Omeka_View_Helper_Metadata->metadata('iteme', Array, Array)
#5 /var/www/public/omeka-2.2.2/application/libraries/Zend/View/Abstract.php(350): call_user_func_array(Array, Array)
#6 /var/www/public/omeka-2.2.2/application/libraries/globals.php(2011): Zend_View_Abstract->__call('metadata', Array)
#7 /var/www/public/omeka-2.2.2/application/libraries/globals.php(2011): Omeka_View->metadata('iteme', Array, Array)
#8 /var/www/public/omeka-2.2.2/themes/forbes-library/custom.php(237): metadata('iteme', Array)
#9 /var/www/public/omeka-2.2.2/themes/forbes-library/index.php(18): forbes_theme_display_random_featured_item()
#10 /var/www/public/omeka-2.2.2/application/libraries/Omeka/View.php(117): include('/var/www/public...')
#11 /var/www/public/omeka-2.2.2/application/libraries/Zend/View/Abstract.php(888): Omeka_View->_run('/var/www/public...')
#12 /var/www/public/omeka-2.2.2/application/libraries/Zend/Controller/Action/Helper/ViewRenderer.php(900): Zend_View_Abstract->render('index.php')
#13 /var/www/public/omeka-2.2.2/application/controllers/IndexController.php(16): Zend_Controller_Action_Helper_ViewRenderer->renderScript('index.php')
#14 /var/www/public/omeka-2.2.2/application/libraries/Zend/Controller/Action.php(516): IndexController->indexAction()
#15 /var/www/public/omeka-2.2.2/application/libraries/Zend/Controller/Dispatcher/Standard.php(308): Zend_Controller_Action->dispatch('indexAction')
#16 /var/www/public/omeka-2.2.2/application/libraries/Zend/Controller/Front.php(954): Zend_Controller_Dispatcher_Standard->dispatch(Object(Zend_Controller_Request_Http), Object(Zend_Controller_Response_Http))
#17 /var/www/public/omeka-2.2.2/application/libraries/Zend/Application/Bootstrap/Bootstrap.php(101): Zend_Controller_Front->dispatch()
#18 /var/www/public/omeka-2.2.2/application/libraries/Zend/Application.php(366): Zend_Application_Bootstrap_Bootstrap->run()
#19 /var/www/public/omeka-2.2.2/application/libraries/Omeka/Application.php(79): Zend_Application->run()
#20 /var/www/public/omeka-2.2.2/index.php(23): Omeka_Application->run()
#21 {main}
